android/app/build/outputs/mapping/release/seeds.txt
okhttp3.internal.connection.RouteSelector: boolean hasNextProxy()
androidx.appcompat.R$style: int TextAppearance_AppCompat_Display3
com.google.android.material.R$styleable: int TextAppearance_android_textStyle
com.google.android.material.R$styleable: int FontFamilyFont_android_ttcIndex
okhttp3.internal.http2.Http2Writer: void flush()
com.google.android.material.R$dimen: int abc_dialog_min_width_major
okhttp3.Cookie$Builder: okhttp3.Cookie$Builder path(java.lang.String)
com.facebook.fbreact.specs.NativeStatusBarManagerSpec: void getHeight(com.facebook.react.bridge.Callback)
okhttp3.MediaType: okhttp3.MediaType parse(java.lang.String)
com.google.android.material.R$styleable: int Chip_checkedIconVisible
androidx.appcompat.widget.AppCompatButton: int[] getAutoSizeTextAvailableSizes()
androidx.recyclerview.widget.RecyclerView: void smoothScrollToPosition(int)
androidx.appcompat.R$color: int background_material_light
com.facebook.react.bridge.ReadableNativeArray: boolean getBoolean(int)
com.swmansion.rnscreens.R$anim: int rns_slide_out_to_right
androidx.fragment.R$anim: int fragment_fast_out_extra_slow_in
okhttp3.CertificatePinner$Pin: java.lang.String canonicalHostname
com.facebook.fbreact.specs.NativeAnimatedModuleSpec: void dropAnimatedNode(double)
com.facebook.react.modules.dialog.DialogModule: void onHostResume()
com.google.android.material.R$style: int TextAppearance_AppCompat_Light_SearchResult_Title
com.google.android.material.R$style: int Platform_AppCompat
com.facebook.react.bridge.ReactMarkerConstants: com.facebook.react.bridge.ReactMarkerConstants PROCESS_CORE_REACT_PACKAGE_END
com.google.android.material.R$attr: int snackbarButtonStyle
com.facebook.react.modules.statusbar.StatusBarModule: void setTranslucent(boolean)
com.google.android.material.transformation.FabTransformationBehavior: FabTransformationBehavior()
com.google.android.material.R$styleable: int[] ViewBackgroundHelper
androidx.recyclerview.widget.RecyclerView: void setAdapter(androidx.recyclerview.widget.RecyclerView$Adapter)
com.facebook.fbreact.specs.NativeImagePickerIOSSpec: void openCameraDialog(com.facebook.react.bridge.ReadableMap,com.facebook.react.bridge.Callback,com.facebook.react.bridge.Callback)
androidx.appcompat.R$id: int actions
okhttp3.internal.connection.StreamAllocation: StreamAllocation(okhttp3.ConnectionPool,okhttp3.Address,okhttp3.Call,okhttp3.EventListener,java.lang.Object)
androidx.appcompat.R$style: int TextAppearance_AppCompat_Tooltip
com.facebook.react.uimanager.RootViewManager: android.view.ViewGroup createViewInstance(com.facebook.react.uimanager.ThemedReactContext)
com.yqritc.scalablevideoview.R$styleable: int MenuItem_android_onClick
com.swmansion.rnscreens.Screen: void setTransitioning(boolean)
okio.Timeout: okio.Timeout timeout(long,java.util.concurrent.TimeUnit)
com.google.android.material.behavior.HideBottomViewOnScrollBehavior: HideBottomViewOnScrollBehavior()
androidx.appcompat.R$styleable: int AppCompatTextView_textLocale
com.yqritc.scalablevideoview.R$styleable: int ActionBar_itemPadding
com.facebook.react.modules.camera.CameraRollManager: java.lang.String SELECTION_DATE_TAKEN
okhttp3.Credentials: Credentials()
androidx.appcompat.R$attr: int colorPrimaryDark
com.facebook.react.modules.debug.DevSettingsModule: void setIsDebuggingRemotely(boolean)
androidx.coordinatorlayout.R$styleable: int GradientColor_android_centerY
com.facebook.react.bridge.NotThreadSafeBridgeIdleDebugListener: void onTransitionToBridgeIdle()
androidx.recyclerview.widget.RecyclerView: void setPreserveFocusAfterLayout(boolean)
com.google.android.material.R$styleable: int AppCompatTheme_textAppearanceListItem
com.swmansion.rnscreens.ScreenStackHeaderConfigViewManager
androidx.recyclerview.widget.RecyclerView: int getAdapterPositionFor(androidx.recyclerview.widget.RecyclerView$ViewHolder)
com.facebook.react.R$string: int abc_menu_function_shortcut_label
com.swmansion.reanimated.ReanimatedModule: void disconnectNodes(int,int)