android/app/build/outputs/mapping/release/usage.txt
androidx.viewpager2.R$id
androidx.transition.ChangeImageTransform
com.facebook.imagepipeline.memory.MemoryPooledByteBuffer:
    public synchronized long getNativePtr()
    public synchronized java.nio.ByteBuffer getByteBuffer()
androidx.loader.R$color
com.facebook.react.devsupport.WebsocketJavaScriptExecutor$3
androidx.savedstate.R
androidx.annotation.GuardedBy
com.facebook.soloader.DirectorySoSource:
    public java.lang.String getLibraryPath(java.lang.String)
    public java.lang.String[] getLibraryDependencies(java.lang.String)
    public void addToLdLibraryPath(java.util.Collection)
    public static final int RESOLVE_DEPENDENCIES
    public static final int ON_LD_LIBRARY_PATH
androidx.core.R$integer
com.facebook.drawee.view.GenericDraweeView:
    public void <init>(android.content.Context)
    public void <init>(android.content.Context,android.util.AttributeSet)
    public void <init>(android.content.Context,android.util.AttributeSet,int)
    public void <init>(android.content.Context,android.util.AttributeSet,int,int)
    protected void inflateHierarchy(android.content.Context,android.util.AttributeSet)
androidx.recyclerview.widget.RecyclerView$RecycledViewPool:
    public void setMaxRecycledViews(int,int)
    public int getRecycledViewCount(int)
    int size()
    private static final int DEFAULT_MAX_SCRAP
com.facebook.imagepipeline.memory.DummyTrackingInUseBitmapPool:
    public void trim(com.facebook.common.memory.MemoryTrimType)
androidx.vectordrawable.animated.R$dimen
bolts.Task$3
com.facebook.react.devsupport.RedBoxDialog$StackAdapter
androidx.recyclerview.widget.RecyclerView$SmoothScroller$Action:
    public void <init>(int,int,int)
    public int getDx()
    public void setDx(int)
    public int getDy()
    public void setDy(int)
    public int getDuration()
    public void setDuration(int)
    public android.view.animation.Interpolator getInterpolator()
    public void setInterpolator(android.view.animation.Interpolator)
    public static final int UNDEFINED_DURATION
com.facebook.react.packagerconnection.ReconnectingWebSocket$MessageCallback
com.google.android.material.bottomappbar.BottomAppBar$2
com.facebook.common.time.Clock:
    public static final long MAX_TIME
androidx.appcompat.widget.SearchView$SearchAutoComplete:
    public void <init>(android.content.Context)
com.google.android.material.circularreveal.CircularRevealGridLayout
androidx.recyclerview.widget.AdapterHelper$UpdateOp:
    static final int ADD
    static final int REMOVE
    static final int UPDATE
    static final int MOVE
    static final int POOL_SIZE
com.oblador.vectoricons.R$bool
androidx.core.app.ShareCompat
androidx.core.content.SharedPreferencesCompat$EditorCompat
androidx.lifecycle.MethodCallsLogger:
    public boolean approveCall(java.lang.String,int)
com.facebook.imagepipeline.common.RotationOptions:
    public static com.facebook.imagepipeline.common.RotationOptions forceRotation(int)
    public static final int NO_ROTATION
    public static final int ROTATE_90
    public static final int ROTATE_180
    public static final int ROTATE_270
    private static final int USE_EXIF_ROTATION_ANGLE
    private static final int DISABLE_ROTATION
com.facebook.react.views.drawer.events.DrawerSlideEvent:
    public static final java.lang.String EVENT_NAME
androidx.appcompat.widget.PopupMenu$1
com.facebook.soloader.NativeLibrary
com.facebook.cache.common.CacheKeyUtil:
    public void <init>()
androidx.annotation.TransitionRes